0	00:50:58.613	Compiling 'MACD Sample'
0	00:50:58.613	Compiling 'Moving Average'
0	00:51:00.768	Compiling 'Accelerator'
0	00:51:00.768	Compiling 'Accumulation'
0	00:51:00.768	Compiling 'Alligator'
0	00:51:00.768	Compiling 'ATR'
0	00:51:00.768	Compiling 'Awesome'
0	00:51:00.768	Compiling 'Bands'
0	00:51:00.768	Compiling 'Bears'
0	00:51:00.768	Compiling 'Bulls'
0	00:51:00.768	Compiling 'CCI'
0	00:51:00.768	Compiling 'Custom Moving Averages'
0	00:51:00.768	Compiling 'Heiken Ashi'
0	00:51:00.768	Compiling 'Ichimoku'
0	00:51:00.768	Compiling 'iExposure'
0	00:51:00.768	Compiling 'MACD'
0	00:51:00.768	Compiling 'Momentum'
0	00:51:00.768	Compiling 'OsMA'
0	00:51:00.768	Compiling 'Parabolic'
0	00:51:00.768	Compiling 'RSI'
0	00:51:00.768	Compiling 'Stochastic'
0	00:51:00.768	Compiling 'ZigZag'
0	00:51:00.770	Compiling 'SimplePanel'
0	00:51:05.478	Compiling 'PeriodConverter'
0	00:51:05.479	Compiling 'DLLSampleTester'
0	00:51:05.479	Compiling 'PipeClient'
0	00:51:05.479	Compiling 'PipeClientPure'
0	00:51:08.053	Compiling 'stdlib'
